<?xml version="1.0" encoding="UTF-8"?>
<!-- Generated by org.testng.reporters.JUnitXMLReporter -->
<testsuite ignored="0" hostname="Ajit_Choudhary" failures="0" tests="3" name="Smoke Test" time="0.087" errors="0" timestamp="2025-05-12T16:40:26 IST">
  <testcase classname="maven_code.Grouping_TestCases_MltplClses1" name="testcase1" time="0.018"/>
  <testcase classname="maven_code.Grouping_TestCases_MltplClses2" name="testcase2" time="0.001"/>
  <testcase classname="maven_code.Grouping_TestCases_MltplClses3" name="testcase3" time="0.001"/>
</testsuite> <!-- Smoke Test -->
