<?xml version="1.0" encoding="UTF-8"?>
<!-- Generated by org.testng.reporters.JUnitXMLReporter -->
<testsuite ignored="0" hostname="Ajit_Choudhary" failures="0" tests="2" name="Launching Browsers By 2 Test" time="31.812" errors="0" timestamp="2025-05-12T00:45:46 IST">
  <testcase classname="maven_code.WebDriver_Launch_2Test" name="LaunchBrowser" time="20.289"/>
  <testcase classname="maven_code.WebDriver_Launch_2Test" name="LaunchBrowser1" time="11.406"/>
</testsuite> <!-- Launching Browsers By 2 Test -->
