<?xml version="1.0" encoding="UTF-8"?>
<!-- Generated by org.testng.reporters.JUnitXMLReporter -->
<testsuite ignored="0" hostname="Ajit_Choudhary" failures="0" tests="5" name="Amazon By 5Cls Test" time="202.682" errors="0" timestamp="2025-05-26T21:15:03 IST">
  <testcase classname="maven_code2.TC1_LoginTo_Amazon_LogOut" name="LoginToAmazon_AndLogOut" time="9.052"/>
  <testcase classname="maven_code2.TC2_LoginTo_Amazon_Search_AddToWishList_LogOut" name="LoginToAmazon_search_AddToWishList_AndLogOut" time="26.942"/>
  <testcase classname="maven_code2.TC3_LoginTo_Amazon_Search_AddToCart_LogOut" name="LoginToAmazon_search_AddToCart_AndLogOut" time="29.718"/>
  <testcase classname="maven_code2.TC4_LoginTo_Amazon_AddNewAddress_LogOut" name="LoginToAmazon_AddNewAddress_AndLogOut" time="26.075"/>
  <testcase classname="maven_code2.TC5_LoginTo_Amazon_FindBrokenLinks_LogOut" name="LoginToAmazon_FindBrokenLinks_AndLogOut" time="73.386"/>
</testsuite> <!-- Amazon By 5Cls Test -->
