<?xml version="1.0" encoding="UTF-8"?>
<!-- Generated by org.testng.reporters.JUnitXMLReporter -->
<testsuite ignored="2" hostname="Ajit_Choudhary" failures="0" tests="2" name="System Test" time="0.08" errors="0" timestamp="2025-05-12T16:01:13 IST">
  <testcase classname="maven_code.Grouping_TestCases" name="testcase1" time="0.016"/>
  <testcase classname="maven_code.Grouping_TestCases" name="testcase3" time="0.002"/>
  <testcase classname="maven_code.Grouping_TestCases" name="testcase2" time="0.0">
    <ignored/>
  </testcase> <!-- testcase2 -->
  <testcase classname="maven_code.Grouping_TestCases" name="testcase4" time="0.0">
    <ignored/>
  </testcase> <!-- testcase4 -->
</testsuite> <!-- System Test -->
