<?xml version="1.0" encoding="UTF-8"?>
<!-- Generated by org.testng.reporters.JUnitXMLReporter -->
<testsuite ignored="2" hostname="Ajit_Choudhary" failures="0" tests="2" name="Test" time="0.074" errors="0" timestamp="2025-05-12T15:46:18 IST">
  <testcase classname="maven_code.Grouping_TestCases" name="testcase2" time="0.016"/>
  <testcase classname="maven_code.Grouping_TestCases" name="testcase4" time="0.001"/>
  <testcase classname="maven_code.Grouping_TestCases" name="testcase3" time="0.0">
    <ignored/>
  </testcase> <!-- testcase3 -->
  <testcase classname="maven_code.Grouping_TestCases" name="testcase1" time="0.0">
    <ignored/>
  </testcase> <!-- testcase1 -->
</testsuite> <!-- Test -->
