<?xml version="1.0" encoding="UTF-8"?>
<!-- Generated by org.testng.reporters.JUnitXMLReporter -->
<testsuite ignored="0" hostname="Ajit_Choudhary" failures="0" tests="2" name="Launching Browsers By 2 Test" time="71.339" errors="0" timestamp="2025-06-02T16:24:08 IST">
  <testcase classname="maven_code.WebDriver_Launch_2Test" name="LaunchBrowser" time="18.44"/>
  <testcase classname="maven_code.WebDriver_Launch_2Test" name="LaunchBrowser1" time="52.811"/>
</testsuite> <!-- Launching Browsers By 2 Test -->
