<?xml version="1.0" encoding="UTF-8"?>
<!-- Generated by org.testng.reporters.JUnitXMLReporter -->
<testsuite ignored="0" hostname="Ajit_Choudhary" failures="0" tests="3" name="System Test" time="0.089" errors="0" timestamp="2025-05-12T16:42:38 IST">
  <testcase classname="maven_code.Grouping_TestCases_MltplClses3" name="testcase3" time="0.007"/>
  <testcase classname="maven_code.Grouping_TestCases_MltplClses4" name="testcase4" time="0.001"/>
  <testcase classname="maven_code.Grouping_TestCases_MltplClses5" name="testcase5" time="0.001"/>
</testsuite> <!-- System Test -->
