<?xml version="1.0" encoding="UTF-8"?>
<testng-results ignored="0" total="2" passed="2" failed="0" skipped="0">
  <reporter-output>
  </reporter-output>
  <suite started-at="2025-06-12T22:10:42 IST" name="Login to Amazon" finished-at="2025-06-12T22:11:38 IST" duration-ms="56262">
    <groups>
    </groups>
    <test started-at="2025-06-12T22:10:42 IST" name="Chrome Cross Browser Testing" finished-at="2025-06-12T22:11:10 IST" duration-ms="28751">
      <class name="maven_code.CrossBrowsrTsting_LogintoAmazon">
        <test-method signature="LaunchBrowser(java.lang.String)[pri:0, instance:maven_code.CrossBrowsrTsting_LogintoAmazon@12aba8be]" started-at="2025-06-12T22:10:42 IST" name="LaunchBrowser" finished-at="2025-06-12T22:11:10 IST" duration-ms="28682" status="PASS">
          <params>
            <param index="0">
              <value>
                <![CDATA[chrome]]>
              </value>
            </param>
          </params>
          <reporter-output>
          </reporter-output>
        </test-method> <!-- LaunchBrowser -->
      </class> <!-- maven_code.CrossBrowsrTsting_LogintoAmazon -->
    </test> <!-- Chrome Cross Browser Testing -->
    <test started-at="2025-06-12T22:11:10 IST" name="Edge Cross Browser Testing" finished-at="2025-06-12T22:11:38 IST" duration-ms="27437">
      <class name="maven_code.CrossBrowsrTsting_LogintoAmazon">
        <test-method signature="LaunchBrowser(java.lang.String)[pri:0, instance:maven_code.CrossBrowsrTsting_LogintoAmazon@2e385cce]" started-at="2025-06-12T22:11:10 IST" name="LaunchBrowser" finished-at="2025-06-12T22:11:38 IST" duration-ms="27434" status="PASS">
          <params>
            <param index="0">
              <value>
                <![CDATA[edge]]>
              </value>
            </param>
          </params>
          <reporter-output>
          </reporter-output>
        </test-method> <!-- LaunchBrowser -->
      </class> <!-- maven_code.CrossBrowsrTsting_LogintoAmazon -->
    </test> <!-- Edge Cross Browser Testing -->
  </suite> <!-- Login to Amazon -->
</testng-results>
