<?xml version="1.0" encoding="UTF-8"?>
<testng-results ignored="0" total="1" passed="1" failed="0" skipped="0">
  <reporter-output>
  </reporter-output>
  <suite started-at="2025-06-15T15:46:21 IST" name="Default suite" finished-at="2025-06-15T15:46:29 IST" duration-ms="7567">
    <groups>
    </groups>
    <test started-at="2025-06-15T15:46:21 IST" name="Default test" finished-at="2025-06-15T15:46:29 IST" duration-ms="7567">
      <class name="maven_code2.JSExcutr_IFrame_Elmnt_HDFCbank">
        <test-method signature="IFrame_HdfcBank()[pri:0, instance:maven_code2.JSExcutr_IFrame_Elmnt_HDFCbank@46cdf8bd]" started-at="2025-06-15T15:46:21 IST" name="IFrame_HdfcBank" finished-at="2025-06-15T15:46:29 IST" duration-ms="7483" status="PASS">
          <reporter-output>
          </reporter-output>
        </test-method> <!-- IFrame_HdfcBank -->
      </class> <!-- maven_code2.JSExcutr_IFrame_Elmnt_HDFCbank -->
    </test> <!-- Default test -->
  </suite> <!-- Default suite -->
</testng-results>
