<?xml version="1.0" encoding="UTF-8"?>
<testng-results ignored="0" total="1" passed="1" failed="0" skipped="0">
  <reporter-output>
  </reporter-output>
  <suite started-at="2025-06-01T14:09:22 IST" name="Default suite" finished-at="2025-06-01T14:09:26 IST" duration-ms="4393">
    <groups>
    </groups>
    <test started-at="2025-06-01T14:09:22 IST" name="Default test" finished-at="2025-06-01T14:09:26 IST" duration-ms="4393">
      <class name="maven_code2.JSExcutr_IFrame_Elmnt_HDFCbank">
        <test-method signature="IFrame_HdfcBank()[pri:0, instance:maven_code2.JSExcutr_IFrame_Elmnt_HDFCbank@298a5e20]" started-at="2025-06-01T14:09:22 IST" name="IFrame_HdfcBank" finished-at="2025-06-01T14:09:26 IST" duration-ms="4333" status="PASS">
          <reporter-output>
          </reporter-output>
        </test-method> <!-- IFrame_HdfcBank -->
      </class> <!-- maven_code2.JSExcutr_IFrame_Elmnt_HDFCbank -->
    </test> <!-- Default test -->
  </suite> <!-- Default suite -->
</testng-results>
