<?xml version="1.0" encoding="UTF-8"?>
<!-- Generated by org.testng.reporters.JUnitXMLReporter -->
<testsuite ignored="1" hostname="Ajit_Choudhary" failures="0" tests="3" name="Smoke Test" time="0.085" errors="0" timestamp="2025-05-12T15:56:45 IST">
  <testcase classname="maven_code.Grouping_TestCases" name="testcase1" time="0.021"/>
  <testcase classname="maven_code.Grouping_TestCases" name="testcase2" time="0.002"/>
  <testcase classname="maven_code.Grouping_TestCases" name="testcase3" time="0.001"/>
  <testcase classname="maven_code.Grouping_TestCases" name="testcase4" time="0.0">
    <ignored/>
  </testcase> <!-- testcase4 -->
</testsuite> <!-- Smoke Test -->
