<?xml version="1.0" encoding="UTF-8"?>
<!-- Generated by org.testng.reporters.JUnitXMLReporter -->
<testsuite ignored="3" hostname="Ajit_Choudhary" failures="0" tests="2" name="Smoke,System Test Together" time="0.077" errors="0" timestamp="2025-05-12T16:49:53 IST">
  <testcase classname="maven_code.Grouping_TestCases_MltplClses4" name="testcase4" time="0.008"/>
  <testcase classname="maven_code.Grouping_TestCases_MltplClses5" name="testcase5" time="0.002"/>
  <testcase classname="maven_code.Grouping_TestCases_MltplClses3" name="testcase3" time="0.0">
    <ignored/>
  </testcase> <!-- testcase3 -->
  <testcase classname="maven_code.Grouping_TestCases_MltplClses2" name="testcase2" time="0.0">
    <ignored/>
  </testcase> <!-- testcase2 -->
  <testcase classname="maven_code.Grouping_TestCases_MltplClses1" name="testcase1" time="0.0">
    <ignored/>
  </testcase> <!-- testcase1 -->
</testsuite> <!-- Smoke,System Test Together -->
